<?xml version="1.0" encoding="UTF-8" standalone="no"?>
<testsuite errors="0" failures="3" name="io.cucumber.core.plugin.JUnitFormatter" skipped="0" tests="18" time="1,448.933">
<testcase classname="wish list feature" name="add wish list from product's heart icon on main page" time="66.162">
<system-out><![CDATA[Given user on main page and accept cookie...................................passed
When user clicks randomly a product's heart icon on main page...............passed
And user goes to wish list from "header" menu...............................passed
Then clicked product should be in wish list.................................passed
]]></system-out>
</testcase>
<testcase classname="wish list feature" name="add wish list from product's heart icon on all products page" time="70.25">
<system-out><![CDATA[Given user on main page and accept cookie...................................passed
When user clicks all products and then clicks randomly a product's heart icon.passed
And user goes to wish list from "footer" menu...............................passed
Then clicked product should be in wish list.................................passed
]]></system-out>
</testcase>
<testcase classname="wish list feature" name="add wish list from wish list link on display page" time="70.912">
<system-out><![CDATA[Given user on main page and accept cookie...................................passed
When user clicks random product from all products page......................passed
And user clicks add wish list link and goes to wish list from "display page".passed
Then clicked product should be in wish list.................................passed
]]></system-out>
</testcase>
<testcase classname="wish list feature" name="click heart icon and goes to wish list from &quot;heartbeat&quot; icon on all products page" time="76.186">
<system-out><![CDATA[Given user on main page and accept cookie...................................passed
When user clicks all products and then clicks randomly a product's heart icon.passed
And user goes to wish list from same product's "heartbeat" icon.............passed
Then clicked product should be in wish list.................................passed
]]></system-out>
</testcase>
<testcase classname="wish list feature" name="remove product from wish list" time="63.718">
<system-out><![CDATA[Given user on main page and accept cookie...................................passed
When user clicks all products and then clicks randomly a product's heart icon.passed
And user goes to wish list from "header" menu...............................passed
And user remove all products from wish list.................................passed
Then no product should be in wish list......................................passed
]]></system-out>
</testcase>
<testcase classname="Search functionality" name="search keyword from search field on main page" time="26.199">
<system-out><![CDATA[Given user on main page and accept cookie...................................passed
When user search "jean"  header menu search field...........................passed
Then result product's name should contain "jean"............................passed
]]></system-out>
</testcase>
<testcase classname="Search functionality" name="search keyword from search field on all catagories page" time="50.953">
<system-out><![CDATA[Given user on main page and accept cookie...................................passed
When user clicks all products and searches "T-Shirt" on header menu search field.passed
Then result product's name should contain "T-Shirt".........................passed
]]></system-out>
</testcase>
<testcase classname="Search functionality" name="search keyword from left-bottom search field on all catagories page" time="34.951">
<system-out><![CDATA[Given user on main page and accept cookie...................................passed
When user clicks all products and searches "Sneakers" left bottom search field on all catagories page.passed
Then result product's name should contain "Sneakers"........................passed
]]></system-out>
</testcase>
<testcase classname="Comparison Functionality" name="add same product two times to Comparison List" time="119.475">
<system-out><![CDATA[Given user on main page and accept cookie...................................passed
When user clicks random 1 products from all products page and clicks add comparison list link.passed
And user clicks same product from all products page and clicks add comparison list link.passed
And user goes to comparison list page from header menu......................passed
Then 1 product should be in comparison list.................................passed
]]></system-out>
</testcase>
<testcase classname="Comparison Functionality" name="add two products to Comparison List" time="109.706">
<system-out><![CDATA[Given user on main page and accept cookie...................................passed
When user clicks random 2 products from all products page and clicks add comparison list link.passed
And user goes to comparison list page from footer menu......................passed
Then 2 product should be in comparison list.................................passed
]]></system-out>
</testcase>
<testcase classname="Comparison Functionality" name="remove all products from comparison list" time="183.41">
<system-out><![CDATA[Given user on main page and accept cookie...................................passed
When user clicks random 3 products from all products page and clicks add comparison list link.passed
And user goes to comparison list page from header menu......................passed
And user remove all products from comparison list...........................passed
Then no product result text should be visible...............................passed
]]></system-out>
</testcase>
<testcase classname="Add to Cart Functionality" name="add product to cart from main page" time="71.651">
<failure message="Expected condition failed: waiting for visibility of element located by By.cssSelector: div[class$='add-to-cart-enabled'] button (tried for 20 second(s) with 500 milliseconds interval)&#10;Build info: version: '4.1.3', revision: '7b1ebf28ef'&#10;System info: host: 'DESKTOP-NRI56KV', ip: '192.168.1.43', os.name: 'Windows 10', os.arch: 'amd64', os.version: '10.0', java.version: '1.8.0_332'&#10;Driver info: org.openqa.selenium.chrome.ChromeDriver&#10;Capabilities {acceptInsecureCerts: false, browserName: chrome, browserVersion: 102.0.5005.63, chrome: {chromedriverVersion: 102.0.5005.61 (0e59bcc00cc4..., userDataDir: C:\Users\Esra\AppData\Local...}, goog:chromeOptions: {debuggerAddress: localhost:54103}, javascriptEnabled: true, networkConnectionEnabled: false, pageLoadStrategy: normal, platform: WINDOWS, platformName: WINDOWS, proxy: Proxy(), se:cdp: ws://localhost:54103/devtoo..., se:cdpVersion: 102.0.5005.63, setWindowRect: true, strictFileInteractability: false, timeouts: {implicit: 0, pageLoad: 300000, script: 30000}, unhandledPromptBehavior: dismiss and notify, webauthn:extension:credBlob: true, webauthn:extension:largeBlob: true, webauthn:virtualAuthenticators: true}&#10;Session ID: f63e7c4dc55d92076cc80baf32a20ca1" type="org.openqa.selenium.TimeoutException"><![CDATA[Given user on main page and accept cookie...................................passed
When user adds 2 random products to cart from main page.....................failed
And user clicks main cart on "header" menu..................................skipped
Then product names should be in main cart page..............................skipped

StackTrace:
org.openqa.selenium.TimeoutException: Expected condition failed: waiting for visibility of element located by By.cssSelector: div[class$='add-to-cart-enabled'] button (tried for 20 second(s) with 500 milliseconds interval)
Build info: version: '4.1.3', revision: '7b1ebf28ef'
System info: host: 'DESKTOP-NRI56KV', ip: '192.168.1.43', os.name: 'Windows 10', os.arch: 'amd64', os.version: '10.0', java.version: '1.8.0_332'
Driver info: org.openqa.selenium.chrome.ChromeDriver
Capabilities {acceptInsecureCerts: false, browserName: chrome, browserVersion: 102.0.5005.63, chrome: {chromedriverVersion: 102.0.5005.61 (0e59bcc00cc4..., userDataDir: C:\Users\Esra\AppData\Local...}, goog:chromeOptions: {debuggerAddress: localhost:54103}, javascriptEnabled: true, networkConnectionEnabled: false, pageLoadStrategy: normal, platform: WINDOWS, platformName: WINDOWS, proxy: Proxy(), se:cdp: ws://localhost:54103/devtoo..., se:cdpVersion: 102.0.5005.63, setWindowRect: true, strictFileInteractability: false, timeouts: {implicit: 0, pageLoad: 300000, script: 30000}, unhandledPromptBehavior: dismiss and notify, webauthn:extension:credBlob: true, webauthn:extension:largeBlob: true, webauthn:virtualAuthenticators: true}
Session ID: f63e7c4dc55d92076cc80baf32a20ca1
	at org.openqa.selenium.support.ui.WebDriverWait.timeoutException(WebDriverWait.java:87)
	at org.openqa.selenium.support.ui.FluentWait.until(FluentWait.java:231)
	at utils.ParentClass.clickTo(ParentClass.java:32)
	at pages.CartPage.addProductToCartOnMainPage(CartPage.java:68)
	at stepdefs.CartPageStepDefs.userAddsProductsToCartFromMainPage(CartPageStepDefs.java:16)
	at ✽.user adds 2 random products to cart from main page(file:///C:/Users/Esra/IdeaProjects/BrandStore/src/test/java/features/_09_cartPage.feature:9)
]]></failure>
</testcase>
<testcase classname="Add to Cart Functionality" name="add product to cart from all catagoeries" time="85.767">
<system-out><![CDATA[Given user on main page and accept cookie...................................passed
When user clicks all products and adds random 2 product to cart on All catagories.passed
And user clicks main cart on "footer" menu..................................passed
Then product names should be in main cart page..............................passed
]]></system-out>
</testcase>
<testcase classname="Add to Cart Functionality" name="add product to cart from product display page" time="70.546">
<system-out><![CDATA[Given user on main page and accept cookie...................................passed
When user clicks random 2 product from all products page and add product to cart from product display page.passed
And user clicks main cart on "mini cart" menu...............................passed
Then product names should be in main cart page..............................passed
]]></system-out>
</testcase>
<testcase classname="Add to Cart Functionality" name="update random product's count in main cart" time="54.384">
<failure message="Expected condition failed: waiting for visibility of element located by By.cssSelector: div[class$='add-to-cart-enabled'] button (tried for 20 second(s) with 500 milliseconds interval)&#10;Build info: version: '4.1.3', revision: '7b1ebf28ef'&#10;System info: host: 'DESKTOP-NRI56KV', ip: '192.168.1.43', os.name: 'Windows 10', os.arch: 'amd64', os.version: '10.0', java.version: '1.8.0_332'&#10;Driver info: org.openqa.selenium.chrome.ChromeDriver&#10;Capabilities {acceptInsecureCerts: false, browserName: chrome, browserVersion: 102.0.5005.63, chrome: {chromedriverVersion: 102.0.5005.61 (0e59bcc00cc4..., userDataDir: C:\Users\Esra\AppData\Local...}, goog:chromeOptions: {debuggerAddress: localhost:54354}, javascriptEnabled: true, networkConnectionEnabled: false, pageLoadStrategy: normal, platform: WINDOWS, platformName: WINDOWS, proxy: Proxy(), se:cdp: ws://localhost:54354/devtoo..., se:cdpVersion: 102.0.5005.63, setWindowRect: true, strictFileInteractability: false, timeouts: {implicit: 0, pageLoad: 300000, script: 30000}, unhandledPromptBehavior: dismiss and notify, webauthn:extension:credBlob: true, webauthn:extension:largeBlob: true, webauthn:virtualAuthenticators: true}&#10;Session ID: 017e5edcb4be3ead9e0302c2e4007d53" type="org.openqa.selenium.TimeoutException"><![CDATA[Given user on main page and accept cookie...................................passed
When user clicks all products and adds random 2 product to cart on All catagories.failed
And user clicks main cart on "mini cart" menu...............................skipped
And user update all product quantities in main cart.........................skipped
Then product quantities should be new values................................skipped

StackTrace:
org.openqa.selenium.TimeoutException: Expected condition failed: waiting for visibility of element located by By.cssSelector: div[class$='add-to-cart-enabled'] button (tried for 20 second(s) with 500 milliseconds interval)
Build info: version: '4.1.3', revision: '7b1ebf28ef'
System info: host: 'DESKTOP-NRI56KV', ip: '192.168.1.43', os.name: 'Windows 10', os.arch: 'amd64', os.version: '10.0', java.version: '1.8.0_332'
Driver info: org.openqa.selenium.chrome.ChromeDriver
Capabilities {acceptInsecureCerts: false, browserName: chrome, browserVersion: 102.0.5005.63, chrome: {chromedriverVersion: 102.0.5005.61 (0e59bcc00cc4..., userDataDir: C:\Users\Esra\AppData\Local...}, goog:chromeOptions: {debuggerAddress: localhost:54354}, javascriptEnabled: true, networkConnectionEnabled: false, pageLoadStrategy: normal, platform: WINDOWS, platformName: WINDOWS, proxy: Proxy(), se:cdp: ws://localhost:54354/devtoo..., se:cdpVersion: 102.0.5005.63, setWindowRect: true, strictFileInteractability: false, timeouts: {implicit: 0, pageLoad: 300000, script: 30000}, unhandledPromptBehavior: dismiss and notify, webauthn:extension:credBlob: true, webauthn:extension:largeBlob: true, webauthn:virtualAuthenticators: true}
Session ID: 017e5edcb4be3ead9e0302c2e4007d53
	at org.openqa.selenium.support.ui.WebDriverWait.timeoutException(WebDriverWait.java:87)
	at org.openqa.selenium.support.ui.FluentWait.until(FluentWait.java:231)
	at utils.ParentClass.clickTo(ParentClass.java:32)
	at pages.CartPage.clickProductOnAllProductsAndAddToCart(CartPage.java:174)
	at stepdefs.CartPageStepDefs.userClicksAllProductsAndAddsRandomProductToCartOnAllCatagories(CartPageStepDefs.java:69)
	at ✽.user clicks all products and adds random 2 product to cart on All catagories(file:///C:/Users/Esra/IdeaProjects/BrandStore/src/test/java/features/_09_cartPage.feature:27)
]]></failure>
</testcase>
<testcase classname="Add to Cart Functionality" name="remove all product in main cart" time="90.748">
<system-out><![CDATA[Given user on main page and accept cookie...................................passed
When user clicks all products and adds random 2 product to cart on All catagories.passed
And user clicks main cart on "footer" menu..................................passed
And user clicks all remove icons on main cart...............................passed
Then main cart should be empty..............................................passed
]]></system-out>
</testcase>
<testcase classname="Purchase Funtionality" name="purchase product from main cart with logged in user" time="121.833">
<system-out><![CDATA[Given user on main page and accept cookie...................................passed
When user logins with valid "kursjava@gmail.com" and "kurs.java.123"........passed
And user clicks all products and adds random 2 product to cart on All catagories.passed
And user clicks main cart on "header" menu..................................passed
And user clicks proceed to checkout and order overview button and select payment method.passed
Then all order details should be visible on checkout pagee..................passed
]]></system-out>
</testcase>
<testcase classname="Purchase Funtionality" name="purchase product from mini cart with guest user" time="79.774">
<failure message="Expected condition failed: waiting for visibility of element located by By.xpath: (//a[@class='button checkout wc-forward'])[1] (tried for 20 second(s) with 500 milliseconds interval)&#10;Build info: version: '4.1.3', revision: '7b1ebf28ef'&#10;System info: host: 'DESKTOP-NRI56KV', ip: '192.168.1.43', os.name: 'Windows 10', os.arch: 'amd64', os.version: '10.0', java.version: '1.8.0_332'&#10;Driver info: org.openqa.selenium.chrome.ChromeDriver&#10;Capabilities {acceptInsecureCerts: false, browserName: chrome, browserVersion: 102.0.5005.63, chrome: {chromedriverVersion: 102.0.5005.61 (0e59bcc00cc4..., userDataDir: C:\Users\Esra\AppData\Local...}, goog:chromeOptions: {debuggerAddress: localhost:54617}, javascriptEnabled: true, networkConnectionEnabled: false, pageLoadStrategy: normal, platform: WINDOWS, platformName: WINDOWS, proxy: Proxy(), se:cdp: ws://localhost:54617/devtoo..., se:cdpVersion: 102.0.5005.63, setWindowRect: true, strictFileInteractability: false, timeouts: {implicit: 0, pageLoad: 300000, script: 30000}, unhandledPromptBehavior: dismiss and notify, webauthn:extension:credBlob: true, webauthn:extension:largeBlob: true, webauthn:virtualAuthenticators: true}&#10;Session ID: 1c84b712999fd95a69bee55b49d6b29c" type="org.openqa.selenium.TimeoutException"><![CDATA[Given user on main page and accept cookie...................................passed
When user clicks all products and adds random 2 product to cart on All catagories.passed
And user clicks checkout on mini cart and fills billing details and clicks order overview button.failed
Then all order details should be visible on checkout pagee..................skipped

StackTrace:
org.openqa.selenium.TimeoutException: Expected condition failed: waiting for visibility of element located by By.xpath: (//a[@class='button checkout wc-forward'])[1] (tried for 20 second(s) with 500 milliseconds interval)
Build info: version: '4.1.3', revision: '7b1ebf28ef'
System info: host: 'DESKTOP-NRI56KV', ip: '192.168.1.43', os.name: 'Windows 10', os.arch: 'amd64', os.version: '10.0', java.version: '1.8.0_332'
Driver info: org.openqa.selenium.chrome.ChromeDriver
Capabilities {acceptInsecureCerts: false, browserName: chrome, browserVersion: 102.0.5005.63, chrome: {chromedriverVersion: 102.0.5005.61 (0e59bcc00cc4..., userDataDir: C:\Users\Esra\AppData\Local...}, goog:chromeOptions: {debuggerAddress: localhost:54617}, javascriptEnabled: true, networkConnectionEnabled: false, pageLoadStrategy: normal, platform: WINDOWS, platformName: WINDOWS, proxy: Proxy(), se:cdp: ws://localhost:54617/devtoo..., se:cdpVersion: 102.0.5005.63, setWindowRect: true, strictFileInteractability: false, timeouts: {implicit: 0, pageLoad: 300000, script: 30000}, unhandledPromptBehavior: dismiss and notify, webauthn:extension:credBlob: true, webauthn:extension:largeBlob: true, webauthn:virtualAuthenticators: true}
Session ID: 1c84b712999fd95a69bee55b49d6b29c
	at org.openqa.selenium.support.ui.WebDriverWait.timeoutException(WebDriverWait.java:87)
	at org.openqa.selenium.support.ui.FluentWait.until(FluentWait.java:231)
	at utils.ParentClass.clickTo(ParentClass.java:32)
	at pages.PurchasePage.clickCheckOutOnMiniCart(PurchasePage.java:20)
	at stepdefs.PurchasePageStepDefs.userClicksCheckoutOnMiniCartAndFillsBillingDetailsAndClicksOrderOverviewButton(PurchasePageStepDefs.java:54)
	at ✽.user clicks checkout on mini cart and fills billing details and clicks order overview button(file:///C:/Users/Esra/IdeaProjects/BrandStore/src/test/java/features/_10_purchasePage.feature:18)
]]></failure>
</testcase>
</testsuite>
